Arguments: 
  C:\Program Files\nodejs\node.exe C:\Users\wuKon\AppData\Roaming\npm\node_modules\yarn\bin\yarn.js

PATH: 
  C:\Program Files (x86)\NetSarang\Xshell 6\;C:\Program Files (x86)\NetSarang\Xshell 7\;C:\Program Files (x86)\Common Files\Oracle\Java\javapath;C:\Program Files\AdoptOpenJDK\jdk-8.0.212.04-hotspot\bin;C:\Program Files (x86)\NetSarang\Xftp 6\;C:\ProgramData\DockerDesktop\version-bin;C:\Program Files\Docker\Docker\Resources\bin;C:\Windows\system32;C:\Windows;C:\Windows\System32\Wbem;C:\Windows\System32\WindowsPowerShell\v1.0\;C:\Windows\System32\OpenSSH\;C:\Program Files\Git\cmd;C:\Program Files\TortoiseSVN\bin;C:\Program Files\dotnet\;C:\Program Files\Microsoft SQL Server\130\Tools\Binn\;C:\Program Files\Microsoft SQL Server\Client SDK\ODBC\170\Tools\Binn\;C:\Program Files (x86)\Microsoft SQL Server\150\DTS\Binn\;C:\Program Files\Dart\dart-sdk\bin;C:\Users\wuKon\AppData\Local\Android\tools\bin\platform-tools;C:\Program Files\Pandoc\;C:\Program Files\nodejs\;C:\Users\wuKon\AppData\Local\Microsoft\WindowsApps;C:\Users\wuKon\AppData\Local\Programs\Microsoft VS Code\bin;C:\Users\wuKon\.dotnet\tools;C:\flutter\bin;C:\Program Files\AdoptOpenJDK\jdk-8.0.212.04-hotspot\\bin;C:\Program Files\JetBrains\IntelliJ IDEA 2019.2.3\bin;C:\Program Files\redis64-3.0.501;C:\Program Files\Huawei\DevEco Studio\bin;C:\Users\wuKon\AppData\Roaming\npm

Yarn version: 
  1.17.3

Node version: 
  14.14.0

Platform: 
  win32 x64

Trace: 
  Error: EPERM: operation not permitted, unlink 'C:\Project\lagou\fed-e-task-03-03\code\nuxtjs-demo\node_modules\webpack-hot-middleware\node_modules\ansi-regex'

npm manifest: 
  {
    "name": "nuxtjs-demo",
    "version": "1.0.0",
    "description": "",
    "main": "index.js",
    "scripts": {
      "test": "echo \"Error: no test specified\" && exit 1",
      "dev": "nuxt"
    },
    "keywords": [],
    "author": "",
    "license": "ISC",
    "dependencies": {
      "nuxt": "^2.14.7"
    }
  }

yarn manifest: 
  No manifest

Lockfile: 
  No lockfile
